<?xml version="1.0" encoding="UTF-8"?>
<!-- Generated by org.testng.reporters.JUnitReportReporter -->
<testsuite hostname="CIPL1006QA" failures="0" tests="1" name="testcase.MouseOverOnSubmenus" time="14.453" errors="0" timestamp="10 Mar 2023 06:51:10 GMT">
  <testcase classname="testcase.MouseOverOnSubmenus" name="gettingSubmenus" time="14.453"/>
</testsuite> <!-- testcase.MouseOverOnSubmenus -->
